<?xml version="1.0" encoding="UTF-8"?>
<testsuite xmlns:xsi="http://www.w3.org/2001/XMLSchema-instance" xsi:noNamespaceSchemaLocation="https://maven.apache.org/surefire/maven-surefire-plugin/xsd/surefire-test-report.xsd" name="com.automation.runner.TestRunner" time="13.203" tests="8" errors="0" skipped="0" failures="0">
  <properties>
[...]
</properties>
  <testcase name="As a manager I want to login to my homepage" classname="Users of my bug catcher app should be able to login to their respective homepages" time="0.917"/>
  <testcase name="As a tester I want to sign in so I can view my custom homepage" classname="Users of my bug catcher app should be able to login to their respective homepages" time="0.702"/>
  <testcase name="As a manager I want to be able to create and assign defects" classname="Users of my bug catcher app should be able to login to their respective homepages" time="0.812"/>
  <testcase name="As a tester I want to be able to view defects and accept them" classname="Users of my bug catcher app should be able to login to their respective homepages" time="2"/>
  <testcase name="As a tester I want to be able to view defects and decline them" classname="Users of my bug catcher app should be able to login to their respective homepages" time="1.999"/>
  <testcase name="As a tester I want to be able to view accepted defects and reject them" classname="Users of my bug catcher app should be able to login to their respective homepages" time="1.413"/>
  <testcase name="As a tester I want to be able to view accepted defects and fix them" classname="Users of my bug catcher app should be able to login to their respective homepages" time="1.413"/>
  <testcase name="As a tester I want to be able to view accepted defects and shelves them" classname="Users of my bug catcher app should be able to login to their respective homepages" time="1.419"/>
</testsuite>